<?xml version="1.0" encoding="UTF-8"?>
<coverage generated="1632013949347" clover="3.2.0">
  <project timestamp="1632013949347" name="All files">
    <metrics statements="46" coveredstatements="26" conditionals="19" coveredconditionals="9" methods="23" coveredmethods="12" elements="88" coveredelements="47" complexity="0" loc="46" ncloc="46" packages="3" files="5" classes="5"/>
    <package name="src">
      <metrics statements="9" coveredstatements="9" conditionals="4" coveredconditionals="4" methods="4" coveredmethods="4"/>
      <file name="App.js" path="/Users/edeneault/github/SB-Capstone-2/frontend/src/App.js">
        <metrics statements="2" coveredstatements="2" conditionals="0" coveredconditionals="0" methods="1" coveredmethods="1"/>
        <line num="7" count="2" type="stmt"/>
        <line num="8" count="4" type="stmt"/>
      </file>
      <file name="test-utils.js" path="/Users/edeneault/github/SB-Capstone-2/frontend/src/test-utils.js">
        <metrics statements="7" coveredstatements="7" conditionals="4" coveredconditionals="4" methods="3" coveredmethods="3"/>
        <line num="1" count="20" type="stmt"/>
        <line num="996" count="20" type="stmt"/>
        <line num="997" count="40" type="stmt"/>
        <line num="1000" count="20" type="stmt"/>
        <line num="1002" count="40" type="cond" truecount="4" falsecount="0"/>
        <line num="1004" count="40" type="stmt"/>
        <line num="1006" count="40" type="stmt"/>
      </file>
    </package>
    <package name="src.components">
      <metrics statements="17" coveredstatements="16" conditionals="9" coveredconditionals="5" methods="8" coveredmethods="8"/>
      <file name="ScrollToTop.js" path="/Users/edeneault/github/SB-Capstone-2/frontend/src/components/ScrollToTop.js">
        <metrics statements="7" coveredstatements="6" conditionals="5" coveredconditionals="3" methods="3" coveredmethods="3"/>
        <line num="4" count="2" type="stmt"/>
        <line num="5" count="2" type="stmt"/>
        <line num="6" count="2" type="stmt"/>
        <line num="7" count="2" type="cond" truecount="2" falsecount="2"/>
        <line num="8" count="0" type="stmt"/>
        <line num="10" count="2" type="stmt"/>
        <line num="12" count="2" type="stmt"/>
      </file>
      <file name="TopProductsCarousel.js" path="/Users/edeneault/github/SB-Capstone-2/frontend/src/components/TopProductsCarousel.js">
        <metrics statements="10" coveredstatements="10" conditionals="4" coveredconditionals="2" methods="5" coveredmethods="5"/>
        <line num="12" count="4" type="stmt"/>
        <line num="30" count="4" type="stmt"/>
        <line num="31" count="8" type="stmt"/>
        <line num="33" count="42" type="stmt"/>
        <line num="34" count="8" type="stmt"/>
        <line num="35" count="48" type="stmt"/>
        <line num="37" count="8" type="stmt"/>
        <line num="38" count="8" type="stmt"/>
        <line num="41" count="8" type="cond" truecount="1" falsecount="1"/>
        <line num="60" count="48" type="stmt"/>
      </file>
    </package>
    <package name="src.pages">
      <metrics statements="20" coveredstatements="1" conditionals="6" coveredconditionals="0" methods="11" coveredmethods="0"/>
      <file name="CartPage.js" path="/Users/edeneault/github/SB-Capstone-2/frontend/src/pages/CartPage.js">
        <metrics statements="20" coveredstatements="1" conditionals="6" coveredconditionals="0" methods="11" coveredmethods="0"/>
        <line num="19" count="2" type="stmt"/>
        <line num="20" count="0" type="stmt"/>
        <line num="24" count="0" type="cond" truecount="0" falsecount="2"/>
        <line num="26" count="0" type="stmt"/>
        <line num="28" count="0" type="stmt"/>
        <line num="29" count="0" type="stmt"/>
        <line num="31" count="0" type="stmt"/>
        <line num="32" count="0" type="cond" truecount="0" falsecount="2"/>
        <line num="33" count="0" type="stmt"/>
        <line num="37" count="0" type="stmt"/>
        <line num="38" count="0" type="stmt"/>
        <line num="41" count="0" type="stmt"/>
        <line num="42" count="0" type="stmt"/>
        <line num="45" count="0" type="stmt"/>
        <line num="58" count="0" type="stmt"/>
        <line num="73" count="0" type="stmt"/>
        <line num="79" count="0" type="stmt"/>
        <line num="90" count="0" type="stmt"/>
        <line num="108" count="0" type="stmt"/>
        <line num="113" count="0" type="stmt"/>
      </file>
    </package>
  </project>
</coverage>
