{"/Users/edeneault/github/SB-Capstone-2/frontend/src/App.js": {"path":"/Users/edeneault/github/SB-Capstone-2/frontend/src/App.js","statementMap":{"0":{"start":{"line":7,"column":12},"end":{"line":19,"column":1}},"1":{"start":{"line":8,"column":2},"end":{"line":18,"column":4}}},"fnMap":{"0":{"name":"(anonymous_0)","decl":{"start":{"line":7,"column":12},"end":{"line":7,"column":13}},"loc":{"start":{"line":7,"column":18},"end":{"line":19,"column":1}},"line":7}},"branchMap":{},"s":{"0":2,"1":4},"f":{"0":4},"b":{},"_coverageSchema":"1a1c01bbd47fc00a2c39e90264f33305004495a9","hash":"11c4652e50b59c0890bd4699910faf1b710a9994"}
,"/Users/edeneault/github/SB-Capstone-2/frontend/src/test-utils.js": {"path":"/Users/edeneault/github/SB-Capstone-2/frontend/src/test-utils.js","statementMap":{"0":{"start":{"line":1,"column":28},"end":{"line":989,"column":1}},"1":{"start":{"line":996,"column":38},"end":{"line":998,"column":1}},"2":{"start":{"line":997,"column":2},"end":{"line":997,"column":80}},"3":{"start":{"line":1000,"column":21},"end":{"line":1012,"column":1}},"4":{"start":{"line":1002,"column":4},"end":{"line":1002,"column":68}},"5":{"start":{"line":1004,"column":2},"end":{"line":1011,"column":5}},"6":{"start":{"line":1006,"column":6},"end":{"line":1009,"column":8}}},"fnMap":{"0":{"name":"(anonymous_0)","decl":{"start":{"line":996,"column":38},"end":{"line":996,"column":39}},"loc":{"start":{"line":996,"column":71},"end":{"line":998,"column":1}},"line":996},"1":{"name":"(anonymous_1)","decl":{"start":{"line":1000,"column":21},"end":{"line":1000,"column":22}},"loc":{"start":{"line":1000,"column":38},"end":{"line":1012,"column":1}},"line":1000},"2":{"name":"(anonymous_2)","decl":{"start":{"line":1005,"column":13},"end":{"line":1005,"column":14}},"loc":{"start":{"line":1006,"column":6},"end":{"line":1009,"column":8}},"line":1006}},"branchMap":{"0":{"loc":{"start":{"line":1002,"column":4},"end":{"line":1002,"column":68}},"type":"cond-expr","locations":[{"start":{"line":1002,"column":39},"end":{"line":1002,"column":60}},{"start":{"line":1002,"column":63},"end":{"line":1002,"column":68}}],"line":1002},"1":{"loc":{"start":{"line":1002,"column":4},"end":{"line":1002,"column":36}},"type":"binary-expr","locations":[{"start":{"line":1002,"column":4},"end":{"line":1002,"column":11}},{"start":{"line":1002,"column":15},"end":{"line":1002,"column":36}}],"line":1002}},"s":{"0":20,"1":20,"2":40,"3":20,"4":40,"5":40,"6":40},"f":{"0":40,"1":40,"2":40},"b":{"0":[6,34],"1":[40,6]},"_coverageSchema":"1a1c01bbd47fc00a2c39e90264f33305004495a9","hash":"fe42b918992baf65538b4abc655395e51ffab36d"}
,"/Users/edeneault/github/SB-Capstone-2/frontend/src/components/ScrollToTop.js": {"path":"/Users/edeneault/github/SB-Capstone-2/frontend/src/components/ScrollToTop.js","statementMap":{"0":{"start":{"line":4,"column":23},"end":{"line":4,"column":35}},"1":{"start":{"line":5,"column":19},"end":{"line":5,"column":32}},"2":{"start":{"line":6,"column":2},"end":{"line":11,"column":27}},"3":{"start":{"line":7,"column":4},"end":{"line":9,"column":5}},"4":{"start":{"line":8,"column":6},"end":{"line":8,"column":21}},"5":{"start":{"line":10,"column":4},"end":{"line":10,"column":51}},"6":{"start":{"line":10,"column":18},"end":{"line":10,"column":49}},"7":{"start":{"line":12,"column":2},"end":{"line":12,"column":18}}},"fnMap":{"0":{"name":"ScrollToTop","decl":{"start":{"line":3,"column":9},"end":{"line":3,"column":20}},"loc":{"start":{"line":3,"column":63},"end":{"line":13,"column":1}},"line":3},"1":{"name":"(anonymous_1)","decl":{"start":{"line":6,"column":12},"end":{"line":6,"column":13}},"loc":{"start":{"line":6,"column":18},"end":{"line":11,"column":3}},"line":6},"2":{"name":"(anonymous_2)","decl":{"start":{"line":10,"column":11},"end":{"line":10,"column":12}},"loc":{"start":{"line":10,"column":18},"end":{"line":10,"column":49}},"line":10}},"branchMap":{"0":{"loc":{"start":{"line":3,"column":33},"end":{"line":3,"column":59}},"type":"default-arg","locations":[{"start":{"line":3,"column":44},"end":{"line":3,"column":59}}],"line":3},"1":{"loc":{"start":{"line":7,"column":4},"end":{"line":9,"column":5}},"type":"if","locations":[{"start":{"line":7,"column":4},"end":{"line":9,"column":5}},{"start":{"line":7,"column":4},"end":{"line":9,"column":5}}],"line":7},"2":{"loc":{"start":{"line":7,"column":8},"end":{"line":7,"column":65}},"type":"binary-expr","locations":[{"start":{"line":7,"column":8},"end":{"line":7,"column":28}},{"start":{"line":7,"column":32},"end":{"line":7,"column":65}}],"line":7}},"s":{"0":2,"1":2,"2":2,"3":2,"4":0,"5":2,"6":2,"7":2},"f":{"0":2,"1":2,"2":2},"b":{"0":[2],"1":[0,2],"2":[2,0]},"_coverageSchema":"1a1c01bbd47fc00a2c39e90264f33305004495a9","hash":"e6e938933220f3fcf64e2ca16bc75c5363568f29"}
,"/Users/edeneault/github/SB-Capstone-2/frontend/src/components/TopProductsCarousel.js": {"path":"/Users/edeneault/github/SB-Capstone-2/frontend/src/components/TopProductsCarousel.js","statementMap":{"0":{"start":{"line":12,"column":19},"end":{"line":28,"column":1}},"1":{"start":{"line":30,"column":24},"end":{"line":82,"column":1}},"2":{"start":{"line":31,"column":19},"end":{"line":31,"column":32}},"3":{"start":{"line":33,"column":26},"end":{"line":33,"column":71}},"4":{"start":{"line":33,"column":49},"end":{"line":33,"column":70}},"5":{"start":{"line":34,"column":39},"end":{"line":34,"column":54}},"6":{"start":{"line":35,"column":17},"end":{"line":35,"column":51}},"7":{"start":{"line":35,"column":43},"end":{"line":35,"column":50}},"8":{"start":{"line":37,"column":2},"end":{"line":39,"column":17}},"9":{"start":{"line":38,"column":4},"end":{"line":38,"column":32}},"10":{"start":{"line":41,"column":2},"end":{"line":81,"column":4}},"11":{"start":{"line":60,"column":10},"end":{"line":77,"column":12}}},"fnMap":{"0":{"name":"(anonymous_0)","decl":{"start":{"line":30,"column":24},"end":{"line":30,"column":25}},"loc":{"start":{"line":30,"column":30},"end":{"line":82,"column":1}},"line":30},"1":{"name":"(anonymous_1)","decl":{"start":{"line":33,"column":38},"end":{"line":33,"column":39}},"loc":{"start":{"line":33,"column":49},"end":{"line":33,"column":70}},"line":33},"2":{"name":"(anonymous_2)","decl":{"start":{"line":35,"column":30},"end":{"line":35,"column":31}},"loc":{"start":{"line":35,"column":43},"end":{"line":35,"column":50}},"line":35},"3":{"name":"(anonymous_3)","decl":{"start":{"line":37,"column":12},"end":{"line":37,"column":13}},"loc":{"start":{"line":37,"column":18},"end":{"line":39,"column":3}},"line":37},"4":{"name":"(anonymous_4)","decl":{"start":{"line":59,"column":32},"end":{"line":59,"column":33}},"loc":{"start":{"line":59,"column":45},"end":{"line":78,"column":9}},"line":59}},"branchMap":{"0":{"loc":{"start":{"line":41,"column":9},"end":{"line":81,"column":3}},"type":"cond-expr","locations":[{"start":{"line":42,"column":4},"end":{"line":42,"column":14}},{"start":{"line":43,"column":6},"end":{"line":81,"column":3}}],"line":41},"1":{"loc":{"start":{"line":43,"column":6},"end":{"line":81,"column":3}},"type":"cond-expr","locations":[{"start":{"line":44,"column":4},"end":{"line":44,"column":47}},{"start":{"line":46,"column":4},"end":{"line":80,"column":7}}],"line":43}},"s":{"0":4,"1":4,"2":8,"3":8,"4":42,"5":8,"6":8,"7":48,"8":8,"9":8,"10":8,"11":48},"f":{"0":8,"1":42,"2":48,"3":8,"4":48},"b":{"0":[0,8],"1":[0,8]},"_coverageSchema":"1a1c01bbd47fc00a2c39e90264f33305004495a9","hash":"07de9d79ce59a767911379ef6d2968044e83e88a"}
,"/Users/edeneault/github/SB-Capstone-2/frontend/src/pages/CartPage.js": {"path":"/Users/edeneault/github/SB-Capstone-2/frontend/src/pages/CartPage.js","statementMap":{"0":{"start":{"line":19,"column":17},"end":{"line":135,"column":1}},"1":{"start":{"line":20,"column":20},"end":{"line":20,"column":35}},"2":{"start":{"line":24,"column":14},"end":{"line":24,"column":73}},"3":{"start":{"line":26,"column":19},"end":{"line":26,"column":32}},"4":{"start":{"line":28,"column":15},"end":{"line":28,"column":49}},"5":{"start":{"line":28,"column":38},"end":{"line":28,"column":48}},"6":{"start":{"line":29,"column":24},"end":{"line":29,"column":28}},"7":{"start":{"line":31,"column":2},"end":{"line":35,"column":33}},"8":{"start":{"line":32,"column":4},"end":{"line":34,"column":5}},"9":{"start":{"line":33,"column":6},"end":{"line":33,"column":42}},"10":{"start":{"line":37,"column":32},"end":{"line":39,"column":3}},"11":{"start":{"line":38,"column":4},"end":{"line":38,"column":33}},"12":{"start":{"line":41,"column":26},"end":{"line":43,"column":3}},"13":{"start":{"line":42,"column":4},"end":{"line":42,"column":45}},"14":{"start":{"line":45,"column":2},"end":{"line":134,"column":4}},"15":{"start":{"line":58,"column":16},"end":{"line":96,"column":33}},"16":{"start":{"line":73,"column":28},"end":{"line":75,"column":29}},"17":{"start":{"line":79,"column":28},"end":{"line":81,"column":37}},"18":{"start":{"line":90,"column":39},"end":{"line":90,"column":74}},"19":{"start":{"line":108,"column":61},"end":{"line":108,"column":75}},"20":{"start":{"line":113,"column":41},"end":{"line":113,"column":68}}},"fnMap":{"0":{"name":"(anonymous_0)","decl":{"start":{"line":19,"column":17},"end":{"line":19,"column":18}},"loc":{"start":{"line":19,"column":51},"end":{"line":135,"column":1}},"line":19},"1":{"name":"(anonymous_1)","decl":{"start":{"line":28,"column":27},"end":{"line":28,"column":28}},"loc":{"start":{"line":28,"column":38},"end":{"line":28,"column":48}},"line":28},"2":{"name":"(anonymous_2)","decl":{"start":{"line":31,"column":12},"end":{"line":31,"column":13}},"loc":{"start":{"line":31,"column":18},"end":{"line":35,"column":3}},"line":31},"3":{"name":"(anonymous_3)","decl":{"start":{"line":37,"column":32},"end":{"line":37,"column":33}},"loc":{"start":{"line":37,"column":40},"end":{"line":39,"column":3}},"line":37},"4":{"name":"(anonymous_4)","decl":{"start":{"line":41,"column":26},"end":{"line":41,"column":27}},"loc":{"start":{"line":41,"column":32},"end":{"line":43,"column":3}},"line":41},"5":{"name":"(anonymous_5)","decl":{"start":{"line":57,"column":29},"end":{"line":57,"column":30}},"loc":{"start":{"line":58,"column":16},"end":{"line":96,"column":33}},"line":58},"6":{"name":"(anonymous_6)","decl":{"start":{"line":72,"column":36},"end":{"line":72,"column":37}},"loc":{"start":{"line":73,"column":28},"end":{"line":75,"column":29}},"line":73},"7":{"name":"(anonymous_7)","decl":{"start":{"line":78,"column":68},"end":{"line":78,"column":69}},"loc":{"start":{"line":79,"column":28},"end":{"line":81,"column":37}},"line":79},"8":{"name":"(anonymous_8)","decl":{"start":{"line":90,"column":33},"end":{"line":90,"column":34}},"loc":{"start":{"line":90,"column":39},"end":{"line":90,"column":74}},"line":90},"9":{"name":"(anonymous_9)","decl":{"start":{"line":108,"column":46},"end":{"line":108,"column":47}},"loc":{"start":{"line":108,"column":61},"end":{"line":108,"column":75}},"line":108},"10":{"name":"(anonymous_10)","decl":{"start":{"line":113,"column":26},"end":{"line":113,"column":27}},"loc":{"start":{"line":113,"column":41},"end":{"line":113,"column":68}},"line":113}},"branchMap":{"0":{"loc":{"start":{"line":24,"column":14},"end":{"line":24,"column":73}},"type":"cond-expr","locations":[{"start":{"line":24,"column":32},"end":{"line":24,"column":69}},{"start":{"line":24,"column":72},"end":{"line":24,"column":73}}],"line":24},"1":{"loc":{"start":{"line":32,"column":4},"end":{"line":34,"column":5}},"type":"if","locations":[{"start":{"line":32,"column":4},"end":{"line":34,"column":5}},{"start":{"line":32,"column":4},"end":{"line":34,"column":5}}],"line":32},"2":{"loc":{"start":{"line":51,"column":11},"end":{"line":99,"column":11}},"type":"cond-expr","locations":[{"start":{"line":52,"column":12},"end":{"line":54,"column":22}},{"start":{"line":56,"column":12},"end":{"line":98,"column":24}}],"line":51}},"s":{"0":2,"1":0,"2":0,"3":0,"4":0,"5":0,"6":0,"7":0,"8":0,"9":0,"10":0,"11":0,"12":0,"13":0,"14":0,"15":0,"16":0,"17":0,"18":0,"19":0,"20":0},"f":{"0":0,"1":0,"2":0,"3":0,"4":0,"5":0,"6":0,"7":0,"8":0,"9":0,"10":0},"b":{"0":[0,0],"1":[0,0],"2":[0,0]},"_coverageSchema":"1a1c01bbd47fc00a2c39e90264f33305004495a9","hash":"1572993b1044cb462dc4231ff272c5a1a2913abc"}
}
