TN:
SF:src/App.js
FN:7,(anonymous_0)
FNF:1
FNH:1
FNDA:4,(anonymous_0)
DA:7,2
DA:8,4
LF:2
LH:2
BRF:0
BRH:0
end_of_record
TN:
SF:src/test-utils.js
FN:996,(anonymous_0)
FN:1000,(anonymous_1)
FN:1005,(anonymous_2)
FNF:3
FNH:3
FNDA:40,(anonymous_0)
FNDA:40,(anonymous_1)
FNDA:40,(anonymous_2)
DA:1,20
DA:996,20
DA:997,40
DA:1000,20
DA:1002,40
DA:1004,40
DA:1006,40
LF:7
LH:7
BRDA:1002,0,0,6
BRDA:1002,0,1,34
BRDA:1002,1,0,40
BRDA:1002,1,1,6
BRF:4
BRH:4
end_of_record
TN:
SF:src/components/ScrollToTop.js
FN:3,ScrollToTop
FN:6,(anonymous_1)
FN:10,(anonymous_2)
FNF:3
FNH:3
FNDA:2,ScrollToTop
FNDA:2,(anonymous_1)
FNDA:2,(anonymous_2)
DA:4,2
DA:5,2
DA:6,2
DA:7,2
DA:8,0
DA:10,2
DA:12,2
LF:7
LH:6
BRDA:3,0,0,2
BRDA:7,1,0,0
BRDA:7,1,1,2
BRDA:7,2,0,2
BRDA:7,2,1,0
BRF:5
BRH:3
end_of_record
TN:
SF:src/components/TopProductsCarousel.js
FN:30,(anonymous_0)
FN:33,(anonymous_1)
FN:35,(anonymous_2)
FN:37,(anonymous_3)
FN:59,(anonymous_4)
FNF:5
FNH:5
FNDA:8,(anonymous_0)
FNDA:42,(anonymous_1)
FNDA:48,(anonymous_2)
FNDA:8,(anonymous_3)
FNDA:48,(anonymous_4)
DA:12,4
DA:30,4
DA:31,8
DA:33,42
DA:34,8
DA:35,48
DA:37,8
DA:38,8
DA:41,8
DA:60,48
LF:10
LH:10
BRDA:41,0,0,0
BRDA:41,0,1,8
BRDA:43,1,0,0
BRDA:43,1,1,8
BRF:4
BRH:2
end_of_record
TN:
SF:src/pages/CartPage.js
FN:19,(anonymous_0)
FN:28,(anonymous_1)
FN:31,(anonymous_2)
FN:37,(anonymous_3)
FN:41,(anonymous_4)
FN:57,(anonymous_5)
FN:72,(anonymous_6)
FN:78,(anonymous_7)
FN:90,(anonymous_8)
FN:108,(anonymous_9)
FN:113,(anonymous_10)
FNF:11
FNH:0
FNDA:0,(anonymous_0)
FNDA:0,(anonymous_1)
FNDA:0,(anonymous_2)
FNDA:0,(anonymous_3)
FNDA:0,(anonymous_4)
FNDA:0,(anonymous_5)
FNDA:0,(anonymous_6)
FNDA:0,(anonymous_7)
FNDA:0,(anonymous_8)
FNDA:0,(anonymous_9)
FNDA:0,(anonymous_10)
DA:19,2
DA:20,0
DA:24,0
DA:26,0
DA:28,0
DA:29,0
DA:31,0
DA:32,0
DA:33,0
DA:37,0
DA:38,0
DA:41,0
DA:42,0
DA:45,0
DA:58,0
DA:73,0
DA:79,0
DA:90,0
DA:108,0
DA:113,0
LF:20
LH:1
BRDA:24,0,0,0
BRDA:24,0,1,0
BRDA:32,1,0,0
BRDA:32,1,1,0
BRDA:51,2,0,0
BRDA:51,2,1,0
BRF:6
BRH:0
end_of_record
